2019-04-23 11:44:25 start to sync now
2019-04-23 11:44:26 will try to sync 30 files to server
2019-04-23 11:44:26: /Users/kenxu/Nutstore Files/200-GitHub/README.md uploaded
2019-04-23 11:44:26: /Users/kenxu/Nutstore Files/200-GitHub/Blog upload but no file exist or not a file
2019-04-23 11:44:26: /Users/kenxu/Nutstore Files/200-GitHub/configs upload but no file exist or not a file
2019-04-23 11:44:26: /Users/kenxu/Nutstore Files/200-GitHub/Share upload but no file exist or not a file
2019-04-23 11:44:26: /Users/kenxu/Nutstore Files/200-GitHub/Blog/README.md uploaded
2019-04-23 11:44:26: /Users/kenxu/Nutstore Files/200-GitHub/Blog/source upload but no file exist or not a file
2019-04-23 11:44:26: /Users/kenxu/Nutstore Files/200-GitHub/Blog/source/why-i-write-on-github.md uploaded
2019-04-23 11:44:26: /Users/kenxu/Nutstore Files/200-GitHub/Blog/source/TOC.md uploaded
2019-04-23 11:44:26: /Users/kenxu/Nutstore Files/200-GitHub/Blog/source/How-To-Built-My-Blog.md uploaded
2019-04-23 11:44:26: /Users/kenxu/Nutstore Files/200-GitHub/Blog/source/_image upload but no file exist or not a file
2019-04-23 11:44:26: /Users/kenxu/Nutstore Files/200-GitHub/Blog/source/assets upload but no file exist or not a file
2019-04-23 11:44:26: /Users/kenxu/Nutstore Files/200-GitHub/Blog/source/_image/2019-04-23-08-34-35.png uploaded
2019-04-23 11:44:27: /Users/kenxu/Nutstore Files/200-GitHub/Blog/source/_image/2019-04-23-11-05-38.png uploaded
2019-04-23 11:44:27: /Users/kenxu/Nutstore Files/200-GitHub/Blog/source/_image/2019-04-23-08-33-39.png uploaded
2019-04-23 11:44:27: /Users/kenxu/Nutstore Files/200-GitHub/Blog/source/assets/2019-04-23-08-34-35.png uploaded
2019-04-23 11:44:27: /Users/kenxu/Nutstore Files/200-GitHub/Blog/source/assets/2019-04-23-11-05-38.png uploaded
2019-04-23 11:44:29: /Users/kenxu/Nutstore Files/200-GitHub/Blog/source/assets/2019-04-23-11-00-22.png uploaded
2019-04-23 11:44:29: /Users/kenxu/Nutstore Files/200-GitHub/Blog/source/assets/2019-04-23-08-33-39.png uploaded
2019-04-23 11:44:30: /Users/kenxu/Nutstore Files/200-GitHub/configs/sorts.json existed, delete it first
2019-04-23 11:44:30: /Users/kenxu/Nutstore Files/200-GitHub/configs/sorts.json uploaded
2019-04-23 11:44:30: /Users/kenxu/Nutstore Files/200-GitHub/Share/README.md uploaded
2019-04-23 11:44:30: /Users/kenxu/Nutstore Files/200-GitHub/Share/WeeklyReport upload but no file exist or not a file
2019-04-23 11:44:30: /Users/kenxu/Nutstore Files/200-GitHub/Share/Share.wiki upload but no file exist or not a file
2019-04-23 11:44:30: /Users/kenxu/Nutstore Files/200-GitHub/Share/WeeklyReport/2019w16.md uploaded
2019-04-23 11:44:30: /Users/kenxu/Nutstore Files/200-GitHub/Share/Share.wiki/19w16-weekly-report.md uploaded
2019-04-23 11:44:30: /Users/kenxu/Nutstore Files/200-GitHub/Share/Share.wiki/HelloGitHub.asciidoc uploaded
2019-04-23 11:44:30: /Users/kenxu/Nutstore Files/200-GitHub/Share/Share.wiki/19w17-weekly-report.md uploaded
2019-04-23 11:44:30: /Users/kenxu/Nutstore Files/200-GitHub/Share/Share.wiki/Home.md uploaded
2019-04-23 11:44:30: /Users/kenxu/Nutstore Files/200-GitHub/Share/Share.wiki/Simple-Life.md uploaded
2019-04-23 11:44:31: /Users/kenxu/Nutstore Files/200-GitHub/Share/Share.wiki/_Sidebar.md uploaded
2019-04-23 11:44:31: /Users/kenxu/Nutstore Files/200-GitHub/Share/Share.wiki/_Footer.md uploaded
2019-04-23 11:44:31 sync ended
2019-04-23 14:34:04 start to sync now
2019-04-23 14:34:04 will try to sync 1 files to server
2019-04-23 14:34:05: /Users/kenxu/Nutstore Files/200-GitHub/Blog/source/TOC.md existed, delete it first
2019-04-23 14:34:05: /Users/kenxu/Nutstore Files/200-GitHub/Blog/source/TOC.md uploaded
2019-04-23 14:34:05 sync ended
2019-04-23 23:06:56 start to sync now
2019-04-23 23:06:57 will try to sync 2 files to server
2019-04-23 23:06:58: /Users/kenxu/Nutstore Files/200-GitHub/Blog/source/How-To-Built-My-Blog.md existed, delete it first
2019-04-23 23:06:58: /Users/kenxu/Nutstore Files/200-GitHub/Blog/source/How-To-Built-My-Blog.md uploaded
2019-04-23 23:06:58: /Users/kenxu/Nutstore Files/200-GitHub/Blog/source/_image/_tmp upload but no file exist or not a file
2019-04-23 23:06:58 sync ended
2019-04-23 23:07:09 start to sync now
2019-04-23 23:07:09 no need to sync to server, it is up-to-date.
2019-04-23 23:07:09 sync ended
2019-04-24 08:07:18 start to sync now
2019-04-24 08:07:19 will try to sync 2 files to server
2019-04-24 08:07:19: /Users/kenxu/Nutstore Files/200-GitHub/Blog/source/How-To-Built-My-Blog.md existed, delete it first
2019-04-24 08:07:19: /Users/kenxu/Nutstore Files/200-GitHub/Blog/source/How-To-Built-My-Blog.md uploaded
2019-04-24 08:07:20: /Users/kenxu/Nutstore Files/200-GitHub/configs/sorts.json existed, delete it first
2019-04-24 08:07:20: /Users/kenxu/Nutstore Files/200-GitHub/configs/sorts.json uploaded
2019-04-24 08:07:20 will try to delete 5 files on server
2019-04-24 08:07:20: /Users/kenxu/Nutstore Files/200-GitHub/Blog/source/assets/2019-04-23-08-33-39.png deleted
2019-04-24 08:07:20: /Users/kenxu/Nutstore Files/200-GitHub/Blog/source/assets try to delete, but already not on the server now
2019-04-24 08:07:20: /Users/kenxu/Nutstore Files/200-GitHub/Blog/source/assets/2019-04-23-11-00-22.png deleted
2019-04-24 08:07:20: /Users/kenxu/Nutstore Files/200-GitHub/Blog/source/assets/2019-04-23-08-34-35.png deleted
2019-04-24 08:07:20: /Users/kenxu/Nutstore Files/200-GitHub/Blog/source/assets/2019-04-23-11-05-38.png deleted
2019-04-24 08:07:20 sync ended
